TN:
SF:gameVisuals.js
FN:2,<instance_members_initializer>
FN:5,GameVisuals
FN:16,changeImage
FN:33,displayScore
FNF:4
FNH:2
FNDA:1,<instance_members_initializer>
FNDA:1,GameVisuals
FNDA:0,changeImage
FNDA:0,displayScore
DA:1,1
DA:2,1
DA:3,1
DA:4,1
DA:5,1
DA:6,1
DA:7,1
DA:8,2
DA:9,0
DA:10,0
DA:11,0
DA:12,2
DA:13,1
DA:14,1
DA:15,1
DA:16,1
DA:17,0
DA:18,0
DA:19,0
DA:20,0
DA:21,0
DA:22,0
DA:23,0
DA:24,0
DA:25,0
DA:26,0
DA:27,0
DA:28,0
DA:29,0
DA:30,1
DA:31,1
DA:32,1
DA:33,1
DA:34,0
DA:35,0
DA:36,0
DA:37,0
DA:38,0
DA:39,0
DA:40,0
DA:41,1
DA:42,1
DA:43,1
DA:44,1
DA:45,1
DA:46,1
DA:47,1
DA:48,1
DA:49,1
LF:49
LH:26
BRDA:2,0,0,1
BRDA:5,1,0,1
BRDA:7,2,0,2
BRF:3
BRH:3
end_of_record
TN:
SF:player.js
FN:2,Player
FN:7,getName
FN:11,getHand
FN:15,wonGame
FN:19,resetPoints
FNF:5
FNH:3
FNDA:6,Player
FNDA:4,getName
FNDA:1,getHand
FNDA:0,wonGame
FNDA:0,resetPoints
DA:1,1
DA:2,1
DA:3,6
DA:4,6
DA:5,6
DA:6,1
DA:7,1
DA:8,4
DA:9,4
DA:10,1
DA:11,1
DA:12,1
DA:13,1
DA:14,1
DA:15,1
DA:16,0
DA:17,0
DA:18,1
DA:19,1
DA:20,0
DA:21,0
DA:22,1
DA:23,1
DA:24,1
LF:24
LH:20
BRDA:2,0,0,6
BRDA:7,1,0,4
BRDA:11,2,0,1
BRF:3
BRH:3
end_of_record
TN:
SF:rpssim.js
FN:21,<instance_members_initializer>
FN:24,GameVisuals
FN:35,changeImage
FN:52,displayScore
FN:71,Player
FN:76,getName
FN:80,getHand
FN:84,wonGame
FN:88,resetPoints
FN:94,<instance_members_initializer>
FN:99,Game
FN:107,playRound
FN:144,declareWinner
FNF:13
FNH:6
FNDA:1,<instance_members_initializer>
FNDA:1,GameVisuals
FNDA:0,changeImage
FNDA:1,displayScore
FNDA:2,Player
FNDA:0,getName
FNDA:0,getHand
FNDA:0,wonGame
FNDA:0,resetPoints
FNDA:2,<instance_members_initializer>
FNDA:2,Game
FNDA:0,playRound
FNDA:0,declareWinner
DA:1,1
DA:2,1
DA:3,1
DA:4,1
DA:5,1
DA:6,1
DA:7,1
DA:8,1
DA:9,1
DA:10,1
DA:11,1
DA:12,1
DA:13,1
DA:14,1
DA:15,1
DA:16,1
DA:17,1
DA:18,1
DA:19,1
DA:20,1
DA:21,1
DA:22,1
DA:23,1
DA:24,1
DA:25,1
DA:26,1
DA:27,2
DA:28,0
DA:29,0
DA:30,0
DA:31,2
DA:32,1
DA:33,1
DA:34,1
DA:35,1
DA:36,0
DA:37,0
DA:38,0
DA:39,0
DA:40,0
DA:41,0
DA:42,0
DA:43,0
DA:44,0
DA:45,0
DA:46,0
DA:47,0
DA:48,0
DA:49,1
DA:50,1
DA:51,1
DA:52,1
DA:53,1
DA:54,1
DA:55,1
DA:56,1
DA:57,1
DA:58,1
DA:59,1
DA:60,1
DA:61,1
DA:62,1
DA:63,1
DA:64,1
DA:65,1
DA:66,1
DA:67,1
DA:68,1
DA:69,1
DA:70,1
DA:71,1
DA:72,2
DA:73,2
DA:74,2
DA:75,1
DA:76,1
DA:77,0
DA:78,0
DA:79,1
DA:80,1
DA:81,0
DA:82,0
DA:83,1
DA:84,1
DA:85,0
DA:86,0
DA:87,1
DA:88,1
DA:89,0
DA:90,0
DA:91,1
DA:92,1
DA:93,1
DA:94,1
DA:95,2
DA:96,2
DA:97,1
DA:98,1
DA:99,1
DA:100,2
DA:101,2
DA:102,2
DA:103,0
DA:104,0
DA:105,2
DA:106,1
DA:107,1
DA:108,0
DA:109,0
DA:110,0
DA:111,0
DA:112,0
DA:113,0
DA:114,0
DA:115,0
DA:116,0
DA:117,0
DA:118,0
DA:119,0
DA:120,0
DA:121,0
DA:122,0
DA:123,0
DA:124,0
DA:125,0
DA:126,0
DA:127,0
DA:128,0
DA:129,0
DA:130,0
DA:131,0
DA:132,0
DA:133,0
DA:134,0
DA:135,0
DA:136,0
DA:137,0
DA:138,0
DA:139,0
DA:140,0
DA:141,0
DA:142,0
DA:143,1
DA:144,1
DA:145,0
DA:146,0
DA:147,0
DA:148,0
DA:149,0
DA:150,0
DA:151,0
DA:152,0
DA:153,0
DA:154,0
DA:155,0
DA:156,0
DA:157,0
DA:158,0
DA:159,1
DA:160,1
DA:161,1
DA:162,1
DA:163,1
DA:164,1
DA:165,1
DA:166,1
DA:167,1
DA:168,1
DA:169,1
DA:170,1
DA:171,1
DA:172,1
DA:173,1
DA:174,1
DA:175,1
DA:176,1
DA:177,1
DA:178,1
DA:179,1
DA:180,1
DA:181,1
DA:182,1
DA:183,1
DA:184,1
DA:185,1
DA:186,1
DA:187,1
LF:187
LH:112
BRDA:21,0,0,1
BRDA:24,1,0,1
BRDA:26,2,0,2
BRDA:52,3,0,1
BRDA:71,4,0,2
BRDA:94,5,0,2
BRDA:99,6,0,2
BRF:7
BRH:7
end_of_record
